<?xml version="1.0" encoding="UTF-8"?>
<!-- Generated by org.testng.reporters.JUnitXMLReporter -->
<testsuite hostname="LAPTOP-SV8R383S" ignored="2" name="Test" tests="7" failures="0" timestamp="2021-07-26T11:49:10 IST" time="48.282" errors="0">
  <testcase name="phone_Negative_Scenario with data test" time="4.048" classname="tests.TC_signup"/>
  <testcase name="phone_Negative_Scenario with data Test" time="3.606" classname="tests.TC_signup"/>
  <testcase name="phone_Negative_Scenario with data ASDFGHJKL" time="3.439" classname="tests.TC_signup"/>
  <testcase name="phone_Negative_Scenario with data ASDFGHJkl" time="3.127" classname="tests.TC_signup"/>
  <testcase name="phone_Negative_Scenario with data AScv12" time="2.659" classname="tests.TC_signup"/>
  <testcase name="email_Negative_Scenario" time="2.901" classname="tests.TC_signupPositive"/>
  <testcase name="test_Signup_positive_flow" time="3.58" classname="tests.TC_signupPositive"/>
  <testcase name="@BeforeSuite setup" time="0.0" classname="utility.BaseClass">
    <ignored/>
  </testcase> <!-- @BeforeSuite setup -->
  <testcase name="@AfterSuite tearDown" time="0.0" classname="utility.BaseClass">
    <ignored/>
  </testcase> <!-- @AfterSuite tearDown -->
</testsuite> <!-- Test -->
