<?xml version="1.0" encoding="UTF-8"?>
<!-- Generated by org.testng.reporters.JUnitXMLReporter -->
<testsuite hostname="LAPTOP-SV8R383S" ignored="0" name="Test1" tests="1" failures="1" timestamp="2021-07-25T17:57:03 IST" time="3.792" errors="0">
  <testcase name="test_api" time="3.704" classname="tests.TC_Api">
    <failure type="java.lang.AssertionError" message="1 expectation failed.
Expected status code &amp;lt;200&amp;gt; but was &amp;lt;301&amp;gt;.
">
      <![CDATA[java.lang.AssertionError: 1 expectation failed.
Expected status code <200> but was <301>.

at utility.apiListener.onTestFailure(apiListener.java:46)
at java.util.ArrayList.forEach(ArrayList.java:1257)
... Removed 24 stack frames]]>
    </failure>
  </testcase> <!-- test_api -->
</testsuite> <!-- Test1 -->
