<?xml version="1.0" encoding="UTF-8"?>
<testsuite xmlns:xsi="http://www.w3.org/2001/XMLSchema-instance" xsi:noNamespaceSchemaLocation="https://maven.apache.org/surefire/maven-surefire-plugin/xsd/surefire-test-report-3.0.xsd" version="3.0" name="TestSuite" time="7.176" tests="1" errors="0" skipped="0" failures="1">
  <properties>
[...]
</properties>
  <testcase name="test_api" classname="tests.TC_Api" time="5.146">
    <failure message="1 expectation failed.&#10;Expected status code &lt;200&gt; but was &lt;301&gt;.&#10;" type="java.lang.AssertionError"><![CDATA[java.lang.AssertionError: 
1 expectation failed.
Expected status code <200> but was <301>.

	at tests.TC_Api.test_api(TC_Api.java:22)
]]></failure>
    <system-out><![CDATA[this is Api extent repoort code
Request method:	POST
Request URI:	http://coindcx.com/api/v3/authenticate
Proxy:			<none>
Request params:	<none>
Query params:	<none>
Form params:	<none>
Path params:	<none>
Headers:		Accept=*/*
				Content-Type=application/x-www-form-urlencoded; charset=ISO-8859-1
Cookies:		<none>
Multiparts:		<none>
Body:			<none>
HTTP/1.1 301 Moved Permanently
Date: Mon, 26 Jul 2021 05:27:58 GMT
Transfer-Encoding: chunked
Connection: keep-alive
Cache-Control: max-age=3600
Expires: Mon, 26 Jul 2021 06:27:58 GMT
Location: https://coindcx.com/api/v3/authenticate
cf-request-id: 0b82e1d4d000000e18c28a9000000001
Vary: Accept-Encoding
Server: cloudflare
CF-RAY: 674b38ce1a650e18-BOM
]]></system-out>
    <system-err><![CDATA[log4j:WARN No appenders could be found for logger (freemarker.cache).
log4j:WARN Please initialize the log4j system properly.
]]></system-err>
  </testcase>
</testsuite>